// 同步 ID: c46aba36 @ Tue May  5 19:41:41 UTC 2026
// 同步 ID: 9b63fda8 @ Thu May  7 00:30:25 UTC 2026
// 重构日志: 7594b038
// 重构日志: 90b41380
// 重构日志: 314887a1
// 同步 ID: 5f59a9ad @ Fri May  8 12:20:32 UTC 2026
// 同步 ID: b2bc1325 @ Fri May  8 17:27:51 UTC 2026
// 同步 ID: 4c076d36 @ Sat May  9 11:52:02 UTC 2026
// 同步 ID: f5f40851 @ Sat May  9 16:32:30 UTC 2026
// 重构日志: 813559d8
// 重构日志: 7b7f9c3c
// 重构日志: 96d60476
// 重构日志: 5ce5e9ce
// 重构日志: aa15c1e8
// 重构日志: fd9d67e9
// 重构日志: a38cfee0
// 重构日志: bd686b10
// 同步 ID: a497d5e2 @ Sat May 30 16:55:18 UTC 2026
// 同步 ID: 6b6b3d0a @ Sat May 30 21:12:19 UTC 2026
// 重构日志: ae901207
// 重构日志: 6fef858e
// 重构日志: b72db75e
// 重构日志: 3326be9f
// 重构日志: 1f452799
// 同步 ID: 67c76fdf @ Fri Jun  5 16:50:24 UTC 2026
// 重构日志: a5938648
